[debug] [2022-11-23T10:39:54.182Z] ----------------------------------------------------------------------
[debug] [2022-11-23T10:39:54.184Z] Command:       C:\Program Files\nodejs\node.exe C:\Users\affan\AppData\Roaming\npm\node_modules\firebase-tools\lib\bin\firebase.js init
[debug] [2022-11-23T10:39:54.184Z] CLI Version:   11.14.1
[debug] [2022-11-23T10:39:54.185Z] Platform:      win32
[debug] [2022-11-23T10:39:54.185Z] Node Version:  v16.17.0
[debug] [2022-11-23T10:39:54.185Z] Time:          Wed Nov 23 2022 15:39:54 GMT+0500 (Pakistan Standard Time)
[debug] [2022-11-23T10:39:54.186Z] ----------------------------------------------------------------------
[debug] 
[debug] [2022-11-23T10:39:54.189Z] >>> [apiv2][query] GET https://firebase-public.firebaseio.com/cli.json [none]
[debug] [2022-11-23T10:39:54.208Z] > command requires scopes: ["email","openid","https://www.googleapis.com/auth/cloudplatformprojects.readonly","https://www.googleapis.com/auth/firebase","https://www.googleapis.com/auth/cloud-platform"]
[debug] [2022-11-23T10:39:54.208Z] > authorizing via signed-in user (affanashraf120@gmail.com)
[info] 
     ######## #### ########  ######## ########     ###     ######  ########
     ##        ##  ##     ## ##       ##     ##  ##   ##  ##       ##
     ######    ##  ########  ######   ########  #########  ######  ######
     ##        ##  ##    ##  ##       ##     ## ##     ##       ## ##
     ##       #### ##     ## ######## ########  ##     ##  ######  ########

You're about to initialize a Firebase project in this directory:

  D:\Bigshort\bigshort-admin

[debug] [2022-11-23T10:39:54.931Z] <<< [apiv2][status] GET https://firebase-public.firebaseio.com/cli.json 200
[debug] [2022-11-23T10:39:54.931Z] <<< [apiv2][body] GET https://firebase-public.firebaseio.com/cli.json {"cloudBuildErrorAfter":1594252800000,"cloudBuildWarnAfter":1590019200000,"defaultNode10After":1594252800000,"minVersion":"3.0.5","node8DeploysDisabledAfter":1613390400000,"node8RuntimeDisabledAfter":1615809600000,"node8WarnAfter":1600128000000}
